-------------------------------------------------------------------------------
Test set: FirstTest
-------------------------------------------------------------------------------
Tests run: 4, Failures: 1, Errors: 0, Skipped: 0, Time elapsed: 0.127 s <<< FAILURE! - in FirstTest
FirstTest.testReptitivePatternItemset  Time elapsed: 0.016 s  <<< FAILURE!
org.opentest4j.AssertionFailedError: array lengths differ, expected: <1> but was: <3>
	at FirstTest.testReptitivePatternItemset(FirstTest.java:53)

