<?xml version="1.0" encoding="UTF-8"?>
<testsuite xmlns:xsi="http://www.w3.org/2001/XMLSchema-instance" xsi:noNamespaceSchemaLocation="https://maven.apache.org/surefire/maven-surefire-plugin/xsd/surefire-test-report-3.0.xsd" version="3.0" name="FirstTest" time="0.127" tests="4" errors="0" skipped="0" failures="1">
  <properties>
[...]
</properties>
  <testcase name="testReptitivePatternNoItemset" classname="FirstTest" time="0.053"/>
  <testcase name="testReqularOne" classname="FirstTest" time="0.011"/>
  <testcase name="testReptitivePatternsInAndbetweenItemset" classname="FirstTest" time="0.001"/>
  <testcase name="testReptitivePatternItemset" classname="FirstTest" time="0.016">
    <failure type="org.opentest4j.AssertionFailedError"><![CDATA[org.opentest4j.AssertionFailedError: array lengths differ, expected: <1> but was: <3>
	at FirstTest.testReptitivePatternItemset(FirstTest.java:53)
]]></failure>
    <system-out><![CDATA[ClaSP: The algorithm takes 0 seconds and finds 21 patterns
here
0
0
0
0
0
0
0
0
0
0
0
0
0
0
0
0
0
0
0
0
0
0
0
0
0
0
0
0
0
0
0
0
0
0
0
0
0
0
0
0
0
0
0
0
0
0
0
0
0
0
0
0
0
0
0
0
0
0
0
0
0
0
0
0
0
0
0
0
0
0
0
0
0
0
0
0
0
0
[]
[ -> a	(64)]=,  -> a -> c	(64)]=,  -> a -> c -> d	(64)]=,  -> a -> c d	(64)]=,  -> a -> c d -> d	(64)]=,  -> a -> c d	(64)]=,  -> a -> c d -> d	(64)]=,  -> a -> c d	(64)]=,  -> a -> c d -> d	(64)]=,  -> a -> d	(64)]=,  -> a -> d -> d	(64)]=,  -> a -> f	(64)]=,  -> a -> f -> c	(64)]=,  -> a -> f -> c -> d	(64)]=,  -> a -> f -> c d	(64)]=,  -> a -> f -> c d -> d	(64)]=,  -> a -> f -> c d	(64)]=,  -> a -> f -> c d -> d	(64)]=,  -> a -> f -> c d	(64)]=,  -> a -> f -> c d -> d	(64)]=,  -> a -> f -> d	(64)]=,  -> a -> f -> d -> d	(64)]=,  -> a d	(64)]=,  -> a d -> c	(64)]=,  -> a d -> c -> d	(64)]=,  -> a d -> c d	(64)]=,  -> a d -> c d -> d	(64)]=,  -> a d -> d	(64)]=,  -> a d -> d -> d	(64)]=,  -> a d -> f	(64)]=,  -> a d -> f -> c	(64)]=,  -> a d -> f -> c -> d	(64)]=,  -> a d -> f -> c d	(64)]=,  -> a d -> f -> c d -> d	(64)]=,  -> a d -> f -> c d	(64)]=,  -> a d -> f -> c d -> d	(64)]=,  -> a d -> f -> c d	(64)]=,  -> a d -> f -> c d -> d	(64)]=,  -> a d -> f -> d	(64)]=,  -> a d -> f -> d -> d	(64)]=,  -> c	(64)]=,  -> c -> d	(64)]=,  -> c d	(64)]=,  -> c d -> d	(64)]=,  -> c d	(64)]=,  -> c d -> d	(64)]=,  -> c d	(64)]=,  -> c d -> d	(64)]=,  -> d	(64)]=,  -> d -> c	(64)]=,  -> d -> c -> d	(64)]=,  -> d -> c d	(64)]=,  -> d -> c d -> d	(64)]=,  -> d -> d	(64)]=,  -> d -> d -> d	(64)]=,  -> d -> f	(64)]=,  -> d -> f -> c	(64)]=,  -> d -> f -> c -> d	(64)]=,  -> d -> f -> c d	(64)]=,  -> d -> f -> c d -> d	(64)]=,  -> d -> f -> c d	(64)]=,  -> d -> f -> c d -> d	(64)]=,  -> d -> f -> c d	(64)]=,  -> d -> f -> c d -> d	(64)]=,  -> d -> f -> d	(64)]=,  -> d -> f -> d -> d	(64)]=,  -> f	(64)]=,  -> f -> c	(64)]=,  -> f -> c -> d	(64)]=,  -> f -> c d	(64)]=,  -> f -> c d -> d	(64)]=,  -> f -> c d	(64)]=,  -> f -> c d -> d	(64)]=,  -> f -> c d	(64)]=,  -> f -> c d -> d	(64)]=,  -> f -> d	(64)]=,  -> f -> d -> d	(64)]=]
ClaSP:The post-processing algorithm to remove the non-Closed patterns takes 0 seconds and finds 3 closed patterns
=============  Algorithm - STATISTICS =============
 Total time ~ -1629774815013 ms
 Frequent closed sequences count : 3
 Join count : 0 Max memory (mb):17.724769592285156

***Level 0***


***Level 1***


***Level 2***


***Level 3***


***Level 4***


***Level 5***


***Level 6***

a d -1 f -1 c d -1 d -1 #SUP: 4
a d -1 f -1 c d -1 d -1 #SUP: 4
a d -1 f -1 c d -1 d -1 #SUP: 4

===================================================

Minsup (relative) : 0.5
21 patterns found.
=============  Algorithm - STATISTICS =============
 Total time ~ 7 ms
 Frequent closed sequences count : 3
 Join count : 19 Max memory (mb):18.716995239257812

***Level 0***


***Level 1***


***Level 2***


***Level 3***


***Level 4***


***Level 5***


***Level 6***

a d -1 f -1 c d -1 d -1 #SUP: 4
a d -1 f -1 c d -1 d -1 #SUP: 4
a d -1 f -1 c d -1 d -1 #SUP: 4

===================================================

]]></system-out>
    <system-err><![CDATA[Before removing NonClosed patterns there are 21 patterns
]]></system-err>
  </testcase>
</testsuite>